('marker-1-90', 'marker-1-90')
('marker-1-4', 'marker-2-4')
[(2,), (5,), (7,), (9,), (11,), (13,), (15,), (17,), (19,), (21,), (23,), (25,), (27,), (29,), (31,), (33,), (35,), (37,), (39,), (41,), (43,), (45,), (47,), (49,), (51,), (53,), (55,), (57,), (59,), (61,), (63,), (65,), (67,), (69,), (71,), (73,), (75,), (77,), (79,), (81,), (83,), (85,), (87,), (89,), (91,), (93,), (95,), (97,), (99,), (101,), (103,), (105,), (107,), (109,), (111,), (113,), (115,), (117,), (119,), (121,), (123,), (125,), (127,), (129,), (131,), (133,), (135,), (137,), (139,), (141,), (143,), (145,), (147,), (149,), (151,), (153,), (155,), (157,), (159,), (161,), (163,), (165,), (167,), (169,), (171,), (173,), (175,), (177,), (179,), (181,), (183,), (185,), (187,), (189,), (191,), (193,), (195,), (197,), (199,), (201,), (203,)]
(183,)
[(3,), (6,), (8,), (10,), (12,), (14,), (16,), (18,), (20,), (22,), (24,), (26,), (28,), (30,), (32,), (34,), (36,), (38,), (40,), (42,), (44,), (46,), (48,), (50,), (52,), (54,), (56,), (58,), (60,), (62,), (64,), (66,), (68,), (70,), (72,), (74,), (76,), (78,), (80,), (82,), (84,), (86,), (88,), (90,), (92,), (94,), (96,), (98,), (100,), (102,), (104,), (106,), (108,), (110,), (112,), (114,), (116,), (118,), (120,), (122,), (124,), (126,), (128,), (130,), (132,), (134,), (136,), (138,), (140,), (142,), (144,), (146,), (148,), (150,), (152,), (154,), (156,), (158,), (160,), (162,), (164,), (166,), (168,), (170,), (172,), (174,), (176,), (178,), (180,), (182,), (184,), (186,), (188,), (190,), (192,), (194,), (196,), (198,), (200,), (202,), (204,)]
(184,)
[mcpat.py] Warning: McPAT requires inputs that are powers of two for some parameters. Increasing 20 to 32.
                     Power     Energy    Energy %
  core-core         1.58 W     0.09 mJ      9.91%
  core-ifetch       0.56 W     0.03 mJ      3.52%
  core-int          0.76 W     0.04 mJ      4.80%
  core-fp           0.35 W     0.02 mJ      2.20%
  core-mem          0.16 W     9.28 uJ      1.00%
  core-other        1.47 W     0.09 mJ      9.19%
  icache            0.46 W     0.03 mJ      2.88%
  dcache            0.82 W     0.05 mJ      5.13%
  l2                0.91 W     0.05 mJ      5.70%
  dram              8.69 W     0.50 mJ     54.50%
  other             0.19 W     0.01 mJ      1.17%

  core              4.88 W     0.28 mJ     30.62%
  cache             2.19 W     0.13 mJ     13.71%
  total            15.94 W     0.93 mJ    100.00%
